CRITICAL - 2022-03-02 00:29:25 --> Undefined variable $permissionGroupModel
#0 C:\xampp\htdocs\test-hmvc\app\Modules\Core\Controllers\PermissionList.php(17): CodeIgniter\Debug\Exceptions->errorHandler(2, 'Undefined varia...', 'C:\\xampp\\htdocs...', 17)
#1 C:\xampp\htdocs\test-hmvc\vendor\codeigniter4\framework\system\CodeIgniter.php(832): App\Modules\Core\Controllers\PermissionList->index()
#2 C:\xampp\htdocs\test-hmvc\vendor\codeigniter4\framework\system\CodeIgniter.php(419): CodeIgniter\CodeIgniter->runController(Object(App\Modules\Core\Controllers\PermissionList))
#3 C:\xampp\htdocs\test-hmvc\vendor\codeigniter4\framework\system\CodeIgniter.php(326): CodeIgniter\CodeIgniter->handleRequest(NULL, Object(Config\Cache), false)
#4 C:\xampp\htdocs\test-hmvc\public\index.php(45): CodeIgniter\CodeIgniter->run()
#5 C:\xampp\htdocs\test-hmvc\vendor\codeigniter4\framework\system\Commands\Server\rewrite.php(43): require_once('C:\\xampp\\htdocs...')
#6 {main}
CRITICAL - 2022-03-02 00:38:41 --> Attempt to read property "id" on array
#0 C:\xampp\htdocs\test-hmvc\app\Modules\Core\Views\Permission\permission_list.php(15): CodeIgniter\Debug\Exceptions->errorHandler(2, 'Attempt to read...', 'C:\\xampp\\htdocs...', 15)
#1 C:\xampp\htdocs\test-hmvc\vendor\codeigniter4\framework\system\View\View.php(210): include('C:\\xampp\\htdocs...')
#2 C:\xampp\htdocs\test-hmvc\vendor\codeigniter4\framework\system\View\View.php(213): CodeIgniter\View\View->CodeIgniter\View\{closure}()
#3 C:\xampp\htdocs\test-hmvc\vendor\codeigniter4\framework\system\Common.php(1089): CodeIgniter\View\View->render('\\App\\Modules\\Co...', Array, true)
#4 C:\xampp\htdocs\test-hmvc\app\Modules\Core\Controllers\PermissionList.php(19): view('\\App\\Modules\\Co...', Array)
#5 C:\xampp\htdocs\test-hmvc\vendor\codeigniter4\framework\system\CodeIgniter.php(832): App\Modules\Core\Controllers\PermissionList->index()
#6 C:\xampp\htdocs\test-hmvc\vendor\codeigniter4\framework\system\CodeIgniter.php(419): CodeIgniter\CodeIgniter->runController(Object(App\Modules\Core\Controllers\PermissionList))
#7 C:\xampp\htdocs\test-hmvc\vendor\codeigniter4\framework\system\CodeIgniter.php(326): CodeIgniter\CodeIgniter->handleRequest(NULL, Object(Config\Cache), false)
#8 C:\xampp\htdocs\test-hmvc\public\index.php(45): CodeIgniter\CodeIgniter->run()
#9 C:\xampp\htdocs\test-hmvc\vendor\codeigniter4\framework\system\Commands\Server\rewrite.php(43): require_once('C:\\xampp\\htdocs...')
#10 {main}
CRITICAL - 2022-03-02 00:39:35 --> Attempt to read property "group_id" on array
#0 C:\xampp\htdocs\test-hmvc\app\Modules\Core\Views\Permission\permission_list.php(16): CodeIgniter\Debug\Exceptions->errorHandler(2, 'Attempt to read...', 'C:\\xampp\\htdocs...', 16)
#1 C:\xampp\htdocs\test-hmvc\vendor\codeigniter4\framework\system\View\View.php(210): include('C:\\xampp\\htdocs...')
#2 C:\xampp\htdocs\test-hmvc\vendor\codeigniter4\framework\system\View\View.php(213): CodeIgniter\View\View->CodeIgniter\View\{closure}()
#3 C:\xampp\htdocs\test-hmvc\vendor\codeigniter4\framework\system\Common.php(1089): CodeIgniter\View\View->render('\\App\\Modules\\Co...', Array, true)
#4 C:\xampp\htdocs\test-hmvc\app\Modules\Core\Controllers\PermissionList.php(19): view('\\App\\Modules\\Co...', Array)
#5 C:\xampp\htdocs\test-hmvc\vendor\codeigniter4\framework\system\CodeIgniter.php(832): App\Modules\Core\Controllers\PermissionList->index()
#6 C:\xampp\htdocs\test-hmvc\vendor\codeigniter4\framework\system\CodeIgniter.php(419): CodeIgniter\CodeIgniter->runController(Object(App\Modules\Core\Controllers\PermissionList))
#7 C:\xampp\htdocs\test-hmvc\vendor\codeigniter4\framework\system\CodeIgniter.php(326): CodeIgniter\CodeIgniter->handleRequest(NULL, Object(Config\Cache), false)
#8 C:\xampp\htdocs\test-hmvc\public\index.php(45): CodeIgniter\CodeIgniter->run()
#9 C:\xampp\htdocs\test-hmvc\vendor\codeigniter4\framework\system\Commands\Server\rewrite.php(43): require_once('C:\\xampp\\htdocs...')
#10 {main}
CRITICAL - 2022-03-02 00:40:15 --> Attempt to read property "group_id" on array
#0 C:\xampp\htdocs\test-hmvc\app\Modules\Core\Views\Permission\permission_list.php(16): CodeIgniter\Debug\Exceptions->errorHandler(2, 'Attempt to read...', 'C:\\xampp\\htdocs...', 16)
#1 C:\xampp\htdocs\test-hmvc\vendor\codeigniter4\framework\system\View\View.php(210): include('C:\\xampp\\htdocs...')
#2 C:\xampp\htdocs\test-hmvc\vendor\codeigniter4\framework\system\View\View.php(213): CodeIgniter\View\View->CodeIgniter\View\{closure}()
#3 C:\xampp\htdocs\test-hmvc\vendor\codeigniter4\framework\system\Common.php(1089): CodeIgniter\View\View->render('\\App\\Modules\\Co...', Array, true)
#4 C:\xampp\htdocs\test-hmvc\app\Modules\Core\Controllers\PermissionList.php(19): view('\\App\\Modules\\Co...', Array)
#5 C:\xampp\htdocs\test-hmvc\vendor\codeigniter4\framework\system\CodeIgniter.php(832): App\Modules\Core\Controllers\PermissionList->index()
#6 C:\xampp\htdocs\test-hmvc\vendor\codeigniter4\framework\system\CodeIgniter.php(419): CodeIgniter\CodeIgniter->runController(Object(App\Modules\Core\Controllers\PermissionList))
#7 C:\xampp\htdocs\test-hmvc\vendor\codeigniter4\framework\system\CodeIgniter.php(326): CodeIgniter\CodeIgniter->handleRequest(NULL, Object(Config\Cache), false)
#8 C:\xampp\htdocs\test-hmvc\public\index.php(45): CodeIgniter\CodeIgniter->run()
#9 C:\xampp\htdocs\test-hmvc\vendor\codeigniter4\framework\system\Commands\Server\rewrite.php(43): require_once('C:\\xampp\\htdocs...')
#10 {main}
CRITICAL - 2022-03-02 00:40:17 --> Attempt to read property "group_id" on array
#0 C:\xampp\htdocs\test-hmvc\app\Modules\Core\Views\Permission\permission_list.php(16): CodeIgniter\Debug\Exceptions->errorHandler(2, 'Attempt to read...', 'C:\\xampp\\htdocs...', 16)
#1 C:\xampp\htdocs\test-hmvc\vendor\codeigniter4\framework\system\View\View.php(210): include('C:\\xampp\\htdocs...')
#2 C:\xampp\htdocs\test-hmvc\vendor\codeigniter4\framework\system\View\View.php(213): CodeIgniter\View\View->CodeIgniter\View\{closure}()
#3 C:\xampp\htdocs\test-hmvc\vendor\codeigniter4\framework\system\Common.php(1089): CodeIgniter\View\View->render('\\App\\Modules\\Co...', Array, true)
#4 C:\xampp\htdocs\test-hmvc\app\Modules\Core\Controllers\PermissionList.php(19): view('\\App\\Modules\\Co...', Array)
#5 C:\xampp\htdocs\test-hmvc\vendor\codeigniter4\framework\system\CodeIgniter.php(832): App\Modules\Core\Controllers\PermissionList->index()
#6 C:\xampp\htdocs\test-hmvc\vendor\codeigniter4\framework\system\CodeIgniter.php(419): CodeIgniter\CodeIgniter->runController(Object(App\Modules\Core\Controllers\PermissionList))
#7 C:\xampp\htdocs\test-hmvc\vendor\codeigniter4\framework\system\CodeIgniter.php(326): CodeIgniter\CodeIgniter->handleRequest(NULL, Object(Config\Cache), false)
#8 C:\xampp\htdocs\test-hmvc\public\index.php(45): CodeIgniter\CodeIgniter->run()
#9 C:\xampp\htdocs\test-hmvc\vendor\codeigniter4\framework\system\Commands\Server\rewrite.php(43): require_once('C:\\xampp\\htdocs...')
#10 {main}
CRITICAL - 2022-03-02 00:41:21 --> Call to a member function result() on array
#0 C:\xampp\htdocs\test-hmvc\vendor\codeigniter4\framework\system\CodeIgniter.php(832): App\Modules\Core\Controllers\PermissionList->index()
#1 C:\xampp\htdocs\test-hmvc\vendor\codeigniter4\framework\system\CodeIgniter.php(419): CodeIgniter\CodeIgniter->runController(Object(App\Modules\Core\Controllers\PermissionList))
#2 C:\xampp\htdocs\test-hmvc\vendor\codeigniter4\framework\system\CodeIgniter.php(326): CodeIgniter\CodeIgniter->handleRequest(NULL, Object(Config\Cache), false)
#3 C:\xampp\htdocs\test-hmvc\public\index.php(45): CodeIgniter\CodeIgniter->run()
#4 C:\xampp\htdocs\test-hmvc\vendor\codeigniter4\framework\system\Commands\Server\rewrite.php(43): require_once('C:\\xampp\\htdocs...')
#5 {main}
CRITICAL - 2022-03-02 00:42:06 --> Call to a member function row() on array
#0 C:\xampp\htdocs\test-hmvc\vendor\codeigniter4\framework\system\CodeIgniter.php(832): App\Modules\Core\Controllers\PermissionList->index()
#1 C:\xampp\htdocs\test-hmvc\vendor\codeigniter4\framework\system\CodeIgniter.php(419): CodeIgniter\CodeIgniter->runController(Object(App\Modules\Core\Controllers\PermissionList))
#2 C:\xampp\htdocs\test-hmvc\vendor\codeigniter4\framework\system\CodeIgniter.php(326): CodeIgniter\CodeIgniter->handleRequest(NULL, Object(Config\Cache), false)
#3 C:\xampp\htdocs\test-hmvc\public\index.php(45): CodeIgniter\CodeIgniter->run()
#4 C:\xampp\htdocs\test-hmvc\vendor\codeigniter4\framework\system\Commands\Server\rewrite.php(43): require_once('C:\\xampp\\htdocs...')
#5 {main}
CRITICAL - 2022-03-02 01:11:16 --> Call to undefined function form_open()
#0 C:\xampp\htdocs\test-hmvc\vendor\codeigniter4\framework\system\View\View.php(210): include()
#1 C:\xampp\htdocs\test-hmvc\vendor\codeigniter4\framework\system\View\View.php(213): CodeIgniter\View\View->CodeIgniter\View\{closure}()
#2 C:\xampp\htdocs\test-hmvc\vendor\codeigniter4\framework\system\Common.php(1089): CodeIgniter\View\View->render('\\App\\Modules\\Co...', Array, true)
#3 C:\xampp\htdocs\test-hmvc\app\Modules\Core\Controllers\AddPermission.php(19): view('\\App\\Modules\\Co...', Array)
#4 C:\xampp\htdocs\test-hmvc\vendor\codeigniter4\framework\system\CodeIgniter.php(832): App\Modules\Core\Controllers\AddPermission->index()
#5 C:\xampp\htdocs\test-hmvc\vendor\codeigniter4\framework\system\CodeIgniter.php(419): CodeIgniter\CodeIgniter->runController(Object(App\Modules\Core\Controllers\AddPermission))
#6 C:\xampp\htdocs\test-hmvc\vendor\codeigniter4\framework\system\CodeIgniter.php(326): CodeIgniter\CodeIgniter->handleRequest(NULL, Object(Config\Cache), false)
#7 C:\xampp\htdocs\test-hmvc\public\index.php(45): CodeIgniter\CodeIgniter->run()
#8 C:\xampp\htdocs\test-hmvc\vendor\codeigniter4\framework\system\Commands\Server\rewrite.php(43): require_once('C:\\xampp\\htdocs...')
#9 {main}
CRITICAL - 2022-03-02 01:27:18 --> Undefined property: App\Modules\Core\Controllers\AddPermission::$GroupsModel
#0 C:\xampp\htdocs\test-hmvc\app\Modules\Core\Controllers\AddPermission.php(17): CodeIgniter\Debug\Exceptions->errorHandler(2, 'Undefined prope...', 'C:\\xampp\\htdocs...', 17)
#1 C:\xampp\htdocs\test-hmvc\vendor\codeigniter4\framework\system\CodeIgniter.php(832): App\Modules\Core\Controllers\AddPermission->index()
#2 C:\xampp\htdocs\test-hmvc\vendor\codeigniter4\framework\system\CodeIgniter.php(419): CodeIgniter\CodeIgniter->runController(Object(App\Modules\Core\Controllers\AddPermission))
#3 C:\xampp\htdocs\test-hmvc\vendor\codeigniter4\framework\system\CodeIgniter.php(326): CodeIgniter\CodeIgniter->handleRequest(NULL, Object(Config\Cache), false)
#4 C:\xampp\htdocs\test-hmvc\public\index.php(45): CodeIgniter\CodeIgniter->run()
#5 C:\xampp\htdocs\test-hmvc\vendor\codeigniter4\framework\system\Commands\Server\rewrite.php(43): require_once('C:\\xampp\\htdocs...')
#6 {main}
CRITICAL - 2022-03-02 01:28:07 --> Undefined property: App\Modules\Core\Controllers\AddPermission::$GroupsModel
#0 C:\xampp\htdocs\test-hmvc\app\Modules\Core\Controllers\AddPermission.php(17): CodeIgniter\Debug\Exceptions->errorHandler(2, 'Undefined prope...', 'C:\\xampp\\htdocs...', 17)
#1 C:\xampp\htdocs\test-hmvc\vendor\codeigniter4\framework\system\CodeIgniter.php(832): App\Modules\Core\Controllers\AddPermission->index()
#2 C:\xampp\htdocs\test-hmvc\vendor\codeigniter4\framework\system\CodeIgniter.php(419): CodeIgniter\CodeIgniter->runController(Object(App\Modules\Core\Controllers\AddPermission))
#3 C:\xampp\htdocs\test-hmvc\vendor\codeigniter4\framework\system\CodeIgniter.php(326): CodeIgniter\CodeIgniter->handleRequest(NULL, Object(Config\Cache), false)
#4 C:\xampp\htdocs\test-hmvc\public\index.php(45): CodeIgniter\CodeIgniter->run()
#5 C:\xampp\htdocs\test-hmvc\vendor\codeigniter4\framework\system\Commands\Server\rewrite.php(43): require_once('C:\\xampp\\htdocs...')
#6 {main}
CRITICAL - 2022-03-02 01:28:08 --> Undefined property: App\Modules\Core\Controllers\AddPermission::$GroupsModel
#0 C:\xampp\htdocs\test-hmvc\app\Modules\Core\Controllers\AddPermission.php(17): CodeIgniter\Debug\Exceptions->errorHandler(2, 'Undefined prope...', 'C:\\xampp\\htdocs...', 17)
#1 C:\xampp\htdocs\test-hmvc\vendor\codeigniter4\framework\system\CodeIgniter.php(832): App\Modules\Core\Controllers\AddPermission->index()
#2 C:\xampp\htdocs\test-hmvc\vendor\codeigniter4\framework\system\CodeIgniter.php(419): CodeIgniter\CodeIgniter->runController(Object(App\Modules\Core\Controllers\AddPermission))
#3 C:\xampp\htdocs\test-hmvc\vendor\codeigniter4\framework\system\CodeIgniter.php(326): CodeIgniter\CodeIgniter->handleRequest(NULL, Object(Config\Cache), false)
#4 C:\xampp\htdocs\test-hmvc\public\index.php(45): CodeIgniter\CodeIgniter->run()
#5 C:\xampp\htdocs\test-hmvc\vendor\codeigniter4\framework\system\Commands\Server\rewrite.php(43): require_once('C:\\xampp\\htdocs...')
#6 {main}
CRITICAL - 2022-03-02 01:29:24 --> Unclosed '{' on line 6
#0 C:\xampp\htdocs\test-hmvc\vendor\codeigniter4\framework\system\View\View.php(213): CodeIgniter\View\View->CodeIgniter\View\{closure}()
#1 C:\xampp\htdocs\test-hmvc\vendor\codeigniter4\framework\system\Common.php(1089): CodeIgniter\View\View->render('\\App\\Modules\\Co...', Array, true)
#2 C:\xampp\htdocs\test-hmvc\app\Modules\Core\Controllers\AddPermission.php(19): view('\\App\\Modules\\Co...', Array)
#3 C:\xampp\htdocs\test-hmvc\vendor\codeigniter4\framework\system\CodeIgniter.php(832): App\Modules\Core\Controllers\AddPermission->index()
#4 C:\xampp\htdocs\test-hmvc\vendor\codeigniter4\framework\system\CodeIgniter.php(419): CodeIgniter\CodeIgniter->runController(Object(App\Modules\Core\Controllers\AddPermission))
#5 C:\xampp\htdocs\test-hmvc\vendor\codeigniter4\framework\system\CodeIgniter.php(326): CodeIgniter\CodeIgniter->handleRequest(NULL, Object(Config\Cache), false)
#6 C:\xampp\htdocs\test-hmvc\public\index.php(45): CodeIgniter\CodeIgniter->run()
#7 C:\xampp\htdocs\test-hmvc\vendor\codeigniter4\framework\system\Commands\Server\rewrite.php(43): require_once('C:\\xampp\\htdocs...')
#8 {main}
CRITICAL - 2022-03-02 01:32:11 --> Undefined variable $groups
#0 C:\xampp\htdocs\test-hmvc\app\Modules\Core\Views\Permission\add_permission.php(6): CodeIgniter\Debug\Exceptions->errorHandler(2, 'Undefined varia...', 'C:\\xampp\\htdocs...', 6)
#1 C:\xampp\htdocs\test-hmvc\vendor\codeigniter4\framework\system\View\View.php(210): include('C:\\xampp\\htdocs...')
#2 C:\xampp\htdocs\test-hmvc\vendor\codeigniter4\framework\system\View\View.php(213): CodeIgniter\View\View->CodeIgniter\View\{closure}()
#3 C:\xampp\htdocs\test-hmvc\vendor\codeigniter4\framework\system\Common.php(1089): CodeIgniter\View\View->render('\\App\\Modules\\Co...', Array, true)
#4 C:\xampp\htdocs\test-hmvc\app\Modules\Core\Controllers\AddPermission.php(19): view('\\App\\Modules\\Co...', Array)
#5 C:\xampp\htdocs\test-hmvc\vendor\codeigniter4\framework\system\CodeIgniter.php(832): App\Modules\Core\Controllers\AddPermission->index()
#6 C:\xampp\htdocs\test-hmvc\vendor\codeigniter4\framework\system\CodeIgniter.php(419): CodeIgniter\CodeIgniter->runController(Object(App\Modules\Core\Controllers\AddPermission))
#7 C:\xampp\htdocs\test-hmvc\vendor\codeigniter4\framework\system\CodeIgniter.php(326): CodeIgniter\CodeIgniter->handleRequest(NULL, Object(Config\Cache), false)
#8 C:\xampp\htdocs\test-hmvc\public\index.php(45): CodeIgniter\CodeIgniter->run()
#9 C:\xampp\htdocs\test-hmvc\vendor\codeigniter4\framework\system\Commands\Server\rewrite.php(43): require_once('C:\\xampp\\htdocs...')
#10 {main}
CRITICAL - 2022-03-02 01:35:52 --> Undefined variable $grup
#0 C:\xampp\htdocs\test-hmvc\app\Modules\Core\Views\Permission\add_permission.php(7): CodeIgniter\Debug\Exceptions->errorHandler(2, 'Undefined varia...', 'C:\\xampp\\htdocs...', 7)
#1 C:\xampp\htdocs\test-hmvc\vendor\codeigniter4\framework\system\View\View.php(210): include('C:\\xampp\\htdocs...')
#2 C:\xampp\htdocs\test-hmvc\vendor\codeigniter4\framework\system\View\View.php(213): CodeIgniter\View\View->CodeIgniter\View\{closure}()
#3 C:\xampp\htdocs\test-hmvc\vendor\codeigniter4\framework\system\Common.php(1089): CodeIgniter\View\View->render('\\App\\Modules\\Co...', Array, true)
#4 C:\xampp\htdocs\test-hmvc\app\Modules\Core\Controllers\AddPermission.php(19): view('\\App\\Modules\\Co...', Array)
#5 C:\xampp\htdocs\test-hmvc\vendor\codeigniter4\framework\system\CodeIgniter.php(832): App\Modules\Core\Controllers\AddPermission->index()
#6 C:\xampp\htdocs\test-hmvc\vendor\codeigniter4\framework\system\CodeIgniter.php(419): CodeIgniter\CodeIgniter->runController(Object(App\Modules\Core\Controllers\AddPermission))
#7 C:\xampp\htdocs\test-hmvc\vendor\codeigniter4\framework\system\CodeIgniter.php(326): CodeIgniter\CodeIgniter->handleRequest(NULL, Object(Config\Cache), false)
#8 C:\xampp\htdocs\test-hmvc\public\index.php(45): CodeIgniter\CodeIgniter->run()
#9 C:\xampp\htdocs\test-hmvc\vendor\codeigniter4\framework\system\Commands\Server\rewrite.php(43): require_once('C:\\xampp\\htdocs...')
#10 {main}
CRITICAL - 2022-03-02 01:36:04 --> Undefined variable $grup
#0 C:\xampp\htdocs\test-hmvc\app\Modules\Core\Views\Permission\add_permission.php(7): CodeIgniter\Debug\Exceptions->errorHandler(2, 'Undefined varia...', 'C:\\xampp\\htdocs...', 7)
#1 C:\xampp\htdocs\test-hmvc\vendor\codeigniter4\framework\system\View\View.php(210): include('C:\\xampp\\htdocs...')
#2 C:\xampp\htdocs\test-hmvc\vendor\codeigniter4\framework\system\View\View.php(213): CodeIgniter\View\View->CodeIgniter\View\{closure}()
#3 C:\xampp\htdocs\test-hmvc\vendor\codeigniter4\framework\system\Common.php(1089): CodeIgniter\View\View->render('\\App\\Modules\\Co...', Array, true)
#4 C:\xampp\htdocs\test-hmvc\app\Modules\Core\Controllers\AddPermission.php(19): view('\\App\\Modules\\Co...', Array)
#5 C:\xampp\htdocs\test-hmvc\vendor\codeigniter4\framework\system\CodeIgniter.php(832): App\Modules\Core\Controllers\AddPermission->index()
#6 C:\xampp\htdocs\test-hmvc\vendor\codeigniter4\framework\system\CodeIgniter.php(419): CodeIgniter\CodeIgniter->runController(Object(App\Modules\Core\Controllers\AddPermission))
#7 C:\xampp\htdocs\test-hmvc\vendor\codeigniter4\framework\system\CodeIgniter.php(326): CodeIgniter\CodeIgniter->handleRequest(NULL, Object(Config\Cache), false)
#8 C:\xampp\htdocs\test-hmvc\public\index.php(45): CodeIgniter\CodeIgniter->run()
#9 C:\xampp\htdocs\test-hmvc\vendor\codeigniter4\framework\system\Commands\Server\rewrite.php(43): require_once('C:\\xampp\\htdocs...')
#10 {main}
CRITICAL - 2022-03-02 01:38:52 --> Attempt to read property "id" on array
#0 C:\xampp\htdocs\test-hmvc\app\Modules\Core\Views\Permission\add_permission.php(8): CodeIgniter\Debug\Exceptions->errorHandler(2, 'Attempt to read...', 'C:\\xampp\\htdocs...', 8)
#1 C:\xampp\htdocs\test-hmvc\vendor\codeigniter4\framework\system\View\View.php(210): include('C:\\xampp\\htdocs...')
#2 C:\xampp\htdocs\test-hmvc\vendor\codeigniter4\framework\system\View\View.php(213): CodeIgniter\View\View->CodeIgniter\View\{closure}()
#3 C:\xampp\htdocs\test-hmvc\vendor\codeigniter4\framework\system\Common.php(1089): CodeIgniter\View\View->render('\\App\\Modules\\Co...', Array, true)
#4 C:\xampp\htdocs\test-hmvc\app\Modules\Core\Controllers\AddPermission.php(20): view('\\App\\Modules\\Co...', Array)
#5 C:\xampp\htdocs\test-hmvc\vendor\codeigniter4\framework\system\CodeIgniter.php(832): App\Modules\Core\Controllers\AddPermission->index()
#6 C:\xampp\htdocs\test-hmvc\vendor\codeigniter4\framework\system\CodeIgniter.php(419): CodeIgniter\CodeIgniter->runController(Object(App\Modules\Core\Controllers\AddPermission))
#7 C:\xampp\htdocs\test-hmvc\vendor\codeigniter4\framework\system\CodeIgniter.php(326): CodeIgniter\CodeIgniter->handleRequest(NULL, Object(Config\Cache), false)
#8 C:\xampp\htdocs\test-hmvc\public\index.php(45): CodeIgniter\CodeIgniter->run()
#9 C:\xampp\htdocs\test-hmvc\vendor\codeigniter4\framework\system\Commands\Server\rewrite.php(43): require_once('C:\\xampp\\htdocs...')
#10 {main}
CRITICAL - 2022-03-02 01:41:22 --> Array to string conversion
#0 C:\xampp\htdocs\test-hmvc\app\Modules\Core\Views\Permission\add_permission.php(6): CodeIgniter\Debug\Exceptions->errorHandler(2, 'Array to string...', 'C:\\xampp\\htdocs...', 6)
#1 C:\xampp\htdocs\test-hmvc\vendor\codeigniter4\framework\system\View\View.php(210): include('C:\\xampp\\htdocs...')
#2 C:\xampp\htdocs\test-hmvc\vendor\codeigniter4\framework\system\View\View.php(213): CodeIgniter\View\View->CodeIgniter\View\{closure}()
#3 C:\xampp\htdocs\test-hmvc\vendor\codeigniter4\framework\system\Common.php(1089): CodeIgniter\View\View->render('\\App\\Modules\\Co...', Array, true)
#4 C:\xampp\htdocs\test-hmvc\app\Modules\Core\Controllers\AddPermission.php(20): view('\\App\\Modules\\Co...', Array)
#5 C:\xampp\htdocs\test-hmvc\vendor\codeigniter4\framework\system\CodeIgniter.php(832): App\Modules\Core\Controllers\AddPermission->index()
#6 C:\xampp\htdocs\test-hmvc\vendor\codeigniter4\framework\system\CodeIgniter.php(419): CodeIgniter\CodeIgniter->runController(Object(App\Modules\Core\Controllers\AddPermission))
#7 C:\xampp\htdocs\test-hmvc\vendor\codeigniter4\framework\system\CodeIgniter.php(326): CodeIgniter\CodeIgniter->handleRequest(NULL, Object(Config\Cache), false)
#8 C:\xampp\htdocs\test-hmvc\public\index.php(45): CodeIgniter\CodeIgniter->run()
#9 C:\xampp\htdocs\test-hmvc\vendor\codeigniter4\framework\system\Commands\Server\rewrite.php(43): require_once('C:\\xampp\\htdocs...')
#10 {main}
CRITICAL - 2022-03-02 01:41:42 --> Array to string conversion
#0 C:\xampp\htdocs\test-hmvc\app\Modules\Core\Views\Permission\add_permission.php(6): CodeIgniter\Debug\Exceptions->errorHandler(2, 'Array to string...', 'C:\\xampp\\htdocs...', 6)
#1 C:\xampp\htdocs\test-hmvc\vendor\codeigniter4\framework\system\View\View.php(210): include('C:\\xampp\\htdocs...')
#2 C:\xampp\htdocs\test-hmvc\vendor\codeigniter4\framework\system\View\View.php(213): CodeIgniter\View\View->CodeIgniter\View\{closure}()
#3 C:\xampp\htdocs\test-hmvc\vendor\codeigniter4\framework\system\Common.php(1089): CodeIgniter\View\View->render('\\App\\Modules\\Co...', Array, true)
#4 C:\xampp\htdocs\test-hmvc\app\Modules\Core\Controllers\AddPermission.php(20): view('\\App\\Modules\\Co...', Array)
#5 C:\xampp\htdocs\test-hmvc\vendor\codeigniter4\framework\system\CodeIgniter.php(832): App\Modules\Core\Controllers\AddPermission->index()
#6 C:\xampp\htdocs\test-hmvc\vendor\codeigniter4\framework\system\CodeIgniter.php(419): CodeIgniter\CodeIgniter->runController(Object(App\Modules\Core\Controllers\AddPermission))
#7 C:\xampp\htdocs\test-hmvc\vendor\codeigniter4\framework\system\CodeIgniter.php(326): CodeIgniter\CodeIgniter->handleRequest(NULL, Object(Config\Cache), false)
#8 C:\xampp\htdocs\test-hmvc\public\index.php(45): CodeIgniter\CodeIgniter->run()
#9 C:\xampp\htdocs\test-hmvc\vendor\codeigniter4\framework\system\Commands\Server\rewrite.php(43): require_once('C:\\xampp\\htdocs...')
#10 {main}
CRITICAL - 2022-03-02 01:48:09 --> Undefined variable $x
#0 C:\xampp\htdocs\test-hmvc\app\Modules\Core\Views\Permission\add_permission.php(7): CodeIgniter\Debug\Exceptions->errorHandler(2, 'Undefined varia...', 'C:\\xampp\\htdocs...', 7)
#1 C:\xampp\htdocs\test-hmvc\vendor\codeigniter4\framework\system\View\View.php(210): include('C:\\xampp\\htdocs...')
#2 C:\xampp\htdocs\test-hmvc\vendor\codeigniter4\framework\system\View\View.php(213): CodeIgniter\View\View->CodeIgniter\View\{closure}()
#3 C:\xampp\htdocs\test-hmvc\vendor\codeigniter4\framework\system\Common.php(1089): CodeIgniter\View\View->render('\\App\\Modules\\Co...', Array, true)
#4 C:\xampp\htdocs\test-hmvc\app\Modules\Core\Controllers\AddPermission.php(20): view('\\App\\Modules\\Co...', Array)
#5 C:\xampp\htdocs\test-hmvc\vendor\codeigniter4\framework\system\CodeIgniter.php(832): App\Modules\Core\Controllers\AddPermission->index()
#6 C:\xampp\htdocs\test-hmvc\vendor\codeigniter4\framework\system\CodeIgniter.php(419): CodeIgniter\CodeIgniter->runController(Object(App\Modules\Core\Controllers\AddPermission))
#7 C:\xampp\htdocs\test-hmvc\vendor\codeigniter4\framework\system\CodeIgniter.php(326): CodeIgniter\CodeIgniter->handleRequest(NULL, Object(Config\Cache), false)
#8 C:\xampp\htdocs\test-hmvc\public\index.php(45): CodeIgniter\CodeIgniter->run()
#9 C:\xampp\htdocs\test-hmvc\vendor\codeigniter4\framework\system\Commands\Server\rewrite.php(43): require_once('C:\\xampp\\htdocs...')
#10 {main}
CRITICAL - 2022-03-02 01:48:22 --> Undefined variable $x
#0 C:\xampp\htdocs\test-hmvc\app\Modules\Core\Views\Permission\add_permission.php(7): CodeIgniter\Debug\Exceptions->errorHandler(2, 'Undefined varia...', 'C:\\xampp\\htdocs...', 7)
#1 C:\xampp\htdocs\test-hmvc\vendor\codeigniter4\framework\system\View\View.php(210): include('C:\\xampp\\htdocs...')
#2 C:\xampp\htdocs\test-hmvc\vendor\codeigniter4\framework\system\View\View.php(213): CodeIgniter\View\View->CodeIgniter\View\{closure}()
#3 C:\xampp\htdocs\test-hmvc\vendor\codeigniter4\framework\system\Common.php(1089): CodeIgniter\View\View->render('\\App\\Modules\\Co...', Array, true)
#4 C:\xampp\htdocs\test-hmvc\app\Modules\Core\Controllers\AddPermission.php(20): view('\\App\\Modules\\Co...', Array)
#5 C:\xampp\htdocs\test-hmvc\vendor\codeigniter4\framework\system\CodeIgniter.php(832): App\Modules\Core\Controllers\AddPermission->index()
#6 C:\xampp\htdocs\test-hmvc\vendor\codeigniter4\framework\system\CodeIgniter.php(419): CodeIgniter\CodeIgniter->runController(Object(App\Modules\Core\Controllers\AddPermission))
#7 C:\xampp\htdocs\test-hmvc\vendor\codeigniter4\framework\system\CodeIgniter.php(326): CodeIgniter\CodeIgniter->handleRequest(NULL, Object(Config\Cache), false)
#8 C:\xampp\htdocs\test-hmvc\public\index.php(45): CodeIgniter\CodeIgniter->run()
#9 C:\xampp\htdocs\test-hmvc\vendor\codeigniter4\framework\system\Commands\Server\rewrite.php(43): require_once('C:\\xampp\\htdocs...')
#10 {main}
CRITICAL - 2022-03-02 01:49:11 --> Undefined constant "tesr"
#0 C:\xampp\htdocs\test-hmvc\vendor\codeigniter4\framework\system\View\View.php(210): include()
#1 C:\xampp\htdocs\test-hmvc\vendor\codeigniter4\framework\system\View\View.php(213): CodeIgniter\View\View->CodeIgniter\View\{closure}()
#2 C:\xampp\htdocs\test-hmvc\vendor\codeigniter4\framework\system\Common.php(1089): CodeIgniter\View\View->render('\\App\\Modules\\Co...', Array, true)
#3 C:\xampp\htdocs\test-hmvc\app\Modules\Core\Controllers\AddPermission.php(20): view('\\App\\Modules\\Co...', Array)
#4 C:\xampp\htdocs\test-hmvc\vendor\codeigniter4\framework\system\CodeIgniter.php(832): App\Modules\Core\Controllers\AddPermission->index()
#5 C:\xampp\htdocs\test-hmvc\vendor\codeigniter4\framework\system\CodeIgniter.php(419): CodeIgniter\CodeIgniter->runController(Object(App\Modules\Core\Controllers\AddPermission))
#6 C:\xampp\htdocs\test-hmvc\vendor\codeigniter4\framework\system\CodeIgniter.php(326): CodeIgniter\CodeIgniter->handleRequest(NULL, Object(Config\Cache), false)
#7 C:\xampp\htdocs\test-hmvc\public\index.php(45): CodeIgniter\CodeIgniter->run()
#8 C:\xampp\htdocs\test-hmvc\vendor\codeigniter4\framework\system\Commands\Server\rewrite.php(43): require_once('C:\\xampp\\htdocs...')
#9 {main}
CRITICAL - 2022-03-02 02:02:10 --> Undefined variable $result
#0 C:\xampp\htdocs\test-hmvc\app\Modules\Core\Controllers\AddPermission.php(20): CodeIgniter\Debug\Exceptions->errorHandler(2, 'Undefined varia...', 'C:\\xampp\\htdocs...', 20)
#1 C:\xampp\htdocs\test-hmvc\vendor\codeigniter4\framework\system\CodeIgniter.php(832): App\Modules\Core\Controllers\AddPermission->index()
#2 C:\xampp\htdocs\test-hmvc\vendor\codeigniter4\framework\system\CodeIgniter.php(419): CodeIgniter\CodeIgniter->runController(Object(App\Modules\Core\Controllers\AddPermission))
#3 C:\xampp\htdocs\test-hmvc\vendor\codeigniter4\framework\system\CodeIgniter.php(326): CodeIgniter\CodeIgniter->handleRequest(NULL, Object(Config\Cache), false)
#4 C:\xampp\htdocs\test-hmvc\public\index.php(45): CodeIgniter\CodeIgniter->run()
#5 C:\xampp\htdocs\test-hmvc\vendor\codeigniter4\framework\system\Commands\Server\rewrite.php(43): require_once('C:\\xampp\\htdocs...')
#6 {main}
CRITICAL - 2022-03-02 02:04:06 --> Undefined variable $epermission
#0 C:\xampp\htdocs\test-hmvc\app\Modules\Core\Views\Permission\add_permission.php(11): CodeIgniter\Debug\Exceptions->errorHandler(2, 'Undefined varia...', 'C:\\xampp\\htdocs...', 11)
#1 C:\xampp\htdocs\test-hmvc\vendor\codeigniter4\framework\system\View\View.php(210): include('C:\\xampp\\htdocs...')
#2 C:\xampp\htdocs\test-hmvc\vendor\codeigniter4\framework\system\View\View.php(213): CodeIgniter\View\View->CodeIgniter\View\{closure}()
#3 C:\xampp\htdocs\test-hmvc\vendor\codeigniter4\framework\system\Common.php(1089): CodeIgniter\View\View->render('\\App\\Modules\\Co...', Array, true)
#4 C:\xampp\htdocs\test-hmvc\app\Modules\Core\Controllers\AddPermission.php(24): view('\\App\\Modules\\Co...', Array)
#5 C:\xampp\htdocs\test-hmvc\vendor\codeigniter4\framework\system\CodeIgniter.php(832): App\Modules\Core\Controllers\AddPermission->index()
#6 C:\xampp\htdocs\test-hmvc\vendor\codeigniter4\framework\system\CodeIgniter.php(419): CodeIgniter\CodeIgniter->runController(Object(App\Modules\Core\Controllers\AddPermission))
#7 C:\xampp\htdocs\test-hmvc\vendor\codeigniter4\framework\system\CodeIgniter.php(326): CodeIgniter\CodeIgniter->handleRequest(NULL, Object(Config\Cache), false)
#8 C:\xampp\htdocs\test-hmvc\public\index.php(45): CodeIgniter\CodeIgniter->run()
#9 C:\xampp\htdocs\test-hmvc\vendor\codeigniter4\framework\system\Commands\Server\rewrite.php(43): require_once('C:\\xampp\\htdocs...')
#10 {main}
CRITICAL - 2022-03-02 02:46:01 --> Allowed fields must be specified for model: App\Modules\Core\Models\GroupPermissionModel
#0 C:\xampp\htdocs\test-hmvc\vendor\codeigniter4\framework\system\BaseModel.php(1138): CodeIgniter\Database\Exceptions\DataException::forInvalidAllowedFields('App\\Modules\\Cor...')
#1 C:\xampp\htdocs\test-hmvc\vendor\codeigniter4\framework\system\BaseModel.php(713): CodeIgniter\BaseModel->doProtectFields(Array)
#2 C:\xampp\htdocs\test-hmvc\vendor\codeigniter4\framework\system\Model.php(625): CodeIgniter\BaseModel->insert(Array, true)
#3 C:\xampp\htdocs\test-hmvc\app\Modules\Core\Controllers\AddPermission.php(37): CodeIgniter\Model->insert(Array)
#4 C:\xampp\htdocs\test-hmvc\vendor\codeigniter4\framework\system\CodeIgniter.php(832): App\Modules\Core\Controllers\AddPermission->CreatePermission()
#5 C:\xampp\htdocs\test-hmvc\vendor\codeigniter4\framework\system\CodeIgniter.php(419): CodeIgniter\CodeIgniter->runController(Object(App\Modules\Core\Controllers\AddPermission))
#6 C:\xampp\htdocs\test-hmvc\vendor\codeigniter4\framework\system\CodeIgniter.php(326): CodeIgniter\CodeIgniter->handleRequest(NULL, Object(Config\Cache), false)
#7 C:\xampp\htdocs\test-hmvc\public\index.php(45): CodeIgniter\CodeIgniter->run()
#8 C:\xampp\htdocs\test-hmvc\vendor\codeigniter4\framework\system\Commands\Server\rewrite.php(43): require_once('C:\\xampp\\htdocs...')
#9 {main}
CRITICAL - 2022-03-02 02:49:38 --> Allowed fields must be specified for model: App\Modules\Core\Models\GroupPermissionModel
#0 C:\xampp\htdocs\test-hmvc\vendor\codeigniter4\framework\system\BaseModel.php(1138): CodeIgniter\Database\Exceptions\DataException::forInvalidAllowedFields('App\\Modules\\Cor...')
#1 C:\xampp\htdocs\test-hmvc\vendor\codeigniter4\framework\system\BaseModel.php(713): CodeIgniter\BaseModel->doProtectFields(Array)
#2 C:\xampp\htdocs\test-hmvc\vendor\codeigniter4\framework\system\Model.php(625): CodeIgniter\BaseModel->insert(Array, true)
#3 C:\xampp\htdocs\test-hmvc\app\Modules\Core\Controllers\AddPermission.php(37): CodeIgniter\Model->insert(Array)
#4 C:\xampp\htdocs\test-hmvc\vendor\codeigniter4\framework\system\CodeIgniter.php(832): App\Modules\Core\Controllers\AddPermission->CreatePermission()
#5 C:\xampp\htdocs\test-hmvc\vendor\codeigniter4\framework\system\CodeIgniter.php(419): CodeIgniter\CodeIgniter->runController(Object(App\Modules\Core\Controllers\AddPermission))
#6 C:\xampp\htdocs\test-hmvc\vendor\codeigniter4\framework\system\CodeIgniter.php(326): CodeIgniter\CodeIgniter->handleRequest(NULL, Object(Config\Cache), false)
#7 C:\xampp\htdocs\test-hmvc\public\index.php(45): CodeIgniter\CodeIgniter->run()
#8 C:\xampp\htdocs\test-hmvc\vendor\codeigniter4\framework\system\Commands\Server\rewrite.php(43): require_once('C:\\xampp\\htdocs...')
#9 {main}
CRITICAL - 2022-03-02 02:58:30 --> Call to undefined function App\Modules\Core\Controllers\vardum()
#0 C:\xampp\htdocs\test-hmvc\vendor\codeigniter4\framework\system\CodeIgniter.php(832): App\Modules\Core\Controllers\AddPermission->CreatePermission()
#1 C:\xampp\htdocs\test-hmvc\vendor\codeigniter4\framework\system\CodeIgniter.php(419): CodeIgniter\CodeIgniter->runController(Object(App\Modules\Core\Controllers\AddPermission))
#2 C:\xampp\htdocs\test-hmvc\vendor\codeigniter4\framework\system\CodeIgniter.php(326): CodeIgniter\CodeIgniter->handleRequest(NULL, Object(Config\Cache), false)
#3 C:\xampp\htdocs\test-hmvc\public\index.php(45): CodeIgniter\CodeIgniter->run()
#4 C:\xampp\htdocs\test-hmvc\vendor\codeigniter4\framework\system\Commands\Server\rewrite.php(43): require_once('C:\\xampp\\htdocs...')
#5 {main}
CRITICAL - 2022-03-02 02:58:47 --> Call to undefined function App\Modules\Core\Controllers\vardump()
#0 C:\xampp\htdocs\test-hmvc\vendor\codeigniter4\framework\system\CodeIgniter.php(832): App\Modules\Core\Controllers\AddPermission->CreatePermission()
#1 C:\xampp\htdocs\test-hmvc\vendor\codeigniter4\framework\system\CodeIgniter.php(419): CodeIgniter\CodeIgniter->runController(Object(App\Modules\Core\Controllers\AddPermission))
#2 C:\xampp\htdocs\test-hmvc\vendor\codeigniter4\framework\system\CodeIgniter.php(326): CodeIgniter\CodeIgniter->handleRequest(NULL, Object(Config\Cache), false)
#3 C:\xampp\htdocs\test-hmvc\public\index.php(45): CodeIgniter\CodeIgniter->run()
#4 C:\xampp\htdocs\test-hmvc\vendor\codeigniter4\framework\system\Commands\Server\rewrite.php(43): require_once('C:\\xampp\\htdocs...')
#5 {main}
CRITICAL - 2022-03-02 03:22:01 --> Cannot use object of type stdClass as array
#0 C:\xampp\htdocs\test-hmvc\vendor\codeigniter4\framework\system\View\View.php(210): include()
#1 C:\xampp\htdocs\test-hmvc\vendor\codeigniter4\framework\system\View\View.php(213): CodeIgniter\View\View->CodeIgniter\View\{closure}()
#2 C:\xampp\htdocs\test-hmvc\vendor\codeigniter4\framework\system\Common.php(1089): CodeIgniter\View\View->render('\\App\\Modules\\Co...', Array, true)
#3 C:\xampp\htdocs\test-hmvc\app\Modules\Core\Controllers\PermissionList.php(19): view('\\App\\Modules\\Co...', Array)
#4 C:\xampp\htdocs\test-hmvc\vendor\codeigniter4\framework\system\CodeIgniter.php(832): App\Modules\Core\Controllers\PermissionList->index()
#5 C:\xampp\htdocs\test-hmvc\vendor\codeigniter4\framework\system\CodeIgniter.php(419): CodeIgniter\CodeIgniter->runController(Object(App\Modules\Core\Controllers\PermissionList))
#6 C:\xampp\htdocs\test-hmvc\vendor\codeigniter4\framework\system\CodeIgniter.php(326): CodeIgniter\CodeIgniter->handleRequest(NULL, Object(Config\Cache), false)
#7 C:\xampp\htdocs\test-hmvc\public\index.php(45): CodeIgniter\CodeIgniter->run()
#8 C:\xampp\htdocs\test-hmvc\vendor\codeigniter4\framework\system\Commands\Server\rewrite.php(43): require_once('C:\\xampp\\htdocs...')
#9 {main}
CRITICAL - 2022-03-02 03:22:08 --> Cannot use object of type stdClass as array
#0 C:\xampp\htdocs\test-hmvc\vendor\codeigniter4\framework\system\View\View.php(210): include()
#1 C:\xampp\htdocs\test-hmvc\vendor\codeigniter4\framework\system\View\View.php(213): CodeIgniter\View\View->CodeIgniter\View\{closure}()
#2 C:\xampp\htdocs\test-hmvc\vendor\codeigniter4\framework\system\Common.php(1089): CodeIgniter\View\View->render('\\App\\Modules\\Co...', Array, true)
#3 C:\xampp\htdocs\test-hmvc\app\Modules\Core\Controllers\PermissionList.php(19): view('\\App\\Modules\\Co...', Array)
#4 C:\xampp\htdocs\test-hmvc\vendor\codeigniter4\framework\system\CodeIgniter.php(832): App\Modules\Core\Controllers\PermissionList->index()
#5 C:\xampp\htdocs\test-hmvc\vendor\codeigniter4\framework\system\CodeIgniter.php(419): CodeIgniter\CodeIgniter->runController(Object(App\Modules\Core\Controllers\PermissionList))
#6 C:\xampp\htdocs\test-hmvc\vendor\codeigniter4\framework\system\CodeIgniter.php(326): CodeIgniter\CodeIgniter->handleRequest(NULL, Object(Config\Cache), false)
#7 C:\xampp\htdocs\test-hmvc\public\index.php(45): CodeIgniter\CodeIgniter->run()
#8 C:\xampp\htdocs\test-hmvc\vendor\codeigniter4\framework\system\Commands\Server\rewrite.php(43): require_once('C:\\xampp\\htdocs...')
#9 {main}
CRITICAL - 2022-03-02 03:22:21 --> Cannot use object of type stdClass as array
#0 C:\xampp\htdocs\test-hmvc\vendor\codeigniter4\framework\system\View\View.php(210): include()
#1 C:\xampp\htdocs\test-hmvc\vendor\codeigniter4\framework\system\View\View.php(213): CodeIgniter\View\View->CodeIgniter\View\{closure}()
#2 C:\xampp\htdocs\test-hmvc\vendor\codeigniter4\framework\system\Common.php(1089): CodeIgniter\View\View->render('\\App\\Modules\\Co...', Array, true)
#3 C:\xampp\htdocs\test-hmvc\app\Modules\Core\Controllers\PermissionList.php(19): view('\\App\\Modules\\Co...', Array)
#4 C:\xampp\htdocs\test-hmvc\vendor\codeigniter4\framework\system\CodeIgniter.php(832): App\Modules\Core\Controllers\PermissionList->index()
#5 C:\xampp\htdocs\test-hmvc\vendor\codeigniter4\framework\system\CodeIgniter.php(419): CodeIgniter\CodeIgniter->runController(Object(App\Modules\Core\Controllers\PermissionList))
#6 C:\xampp\htdocs\test-hmvc\vendor\codeigniter4\framework\system\CodeIgniter.php(326): CodeIgniter\CodeIgniter->handleRequest(NULL, Object(Config\Cache), false)
#7 C:\xampp\htdocs\test-hmvc\public\index.php(45): CodeIgniter\CodeIgniter->run()
#8 C:\xampp\htdocs\test-hmvc\vendor\codeigniter4\framework\system\Commands\Server\rewrite.php(43): require_once('C:\\xampp\\htdocs...')
#9 {main}
CRITICAL - 2022-03-02 03:22:26 --> Cannot use object of type stdClass as array
#0 C:\xampp\htdocs\test-hmvc\vendor\codeigniter4\framework\system\View\View.php(210): include()
#1 C:\xampp\htdocs\test-hmvc\vendor\codeigniter4\framework\system\View\View.php(213): CodeIgniter\View\View->CodeIgniter\View\{closure}()
#2 C:\xampp\htdocs\test-hmvc\vendor\codeigniter4\framework\system\Common.php(1089): CodeIgniter\View\View->render('\\App\\Modules\\Co...', Array, true)
#3 C:\xampp\htdocs\test-hmvc\app\Modules\Core\Controllers\PermissionList.php(19): view('\\App\\Modules\\Co...', Array)
#4 C:\xampp\htdocs\test-hmvc\vendor\codeigniter4\framework\system\CodeIgniter.php(832): App\Modules\Core\Controllers\PermissionList->index()
#5 C:\xampp\htdocs\test-hmvc\vendor\codeigniter4\framework\system\CodeIgniter.php(419): CodeIgniter\CodeIgniter->runController(Object(App\Modules\Core\Controllers\PermissionList))
#6 C:\xampp\htdocs\test-hmvc\vendor\codeigniter4\framework\system\CodeIgniter.php(326): CodeIgniter\CodeIgniter->handleRequest(NULL, Object(Config\Cache), false)
#7 C:\xampp\htdocs\test-hmvc\public\index.php(45): CodeIgniter\CodeIgniter->run()
#8 C:\xampp\htdocs\test-hmvc\vendor\codeigniter4\framework\system\Commands\Server\rewrite.php(43): require_once('C:\\xampp\\htdocs...')
#9 {main}
CRITICAL - 2022-03-02 03:22:50 --> Cannot use object of type stdClass as array
#0 C:\xampp\htdocs\test-hmvc\vendor\codeigniter4\framework\system\View\View.php(210): include()
#1 C:\xampp\htdocs\test-hmvc\vendor\codeigniter4\framework\system\View\View.php(213): CodeIgniter\View\View->CodeIgniter\View\{closure}()
#2 C:\xampp\htdocs\test-hmvc\vendor\codeigniter4\framework\system\Common.php(1089): CodeIgniter\View\View->render('\\App\\Modules\\Co...', Array, true)
#3 C:\xampp\htdocs\test-hmvc\app\Modules\Core\Controllers\PermissionList.php(19): view('\\App\\Modules\\Co...', Array)
#4 C:\xampp\htdocs\test-hmvc\vendor\codeigniter4\framework\system\CodeIgniter.php(832): App\Modules\Core\Controllers\PermissionList->index()
#5 C:\xampp\htdocs\test-hmvc\vendor\codeigniter4\framework\system\CodeIgniter.php(419): CodeIgniter\CodeIgniter->runController(Object(App\Modules\Core\Controllers\PermissionList))
#6 C:\xampp\htdocs\test-hmvc\vendor\codeigniter4\framework\system\CodeIgniter.php(326): CodeIgniter\CodeIgniter->handleRequest(NULL, Object(Config\Cache), false)
#7 C:\xampp\htdocs\test-hmvc\public\index.php(45): CodeIgniter\CodeIgniter->run()
#8 C:\xampp\htdocs\test-hmvc\vendor\codeigniter4\framework\system\Commands\Server\rewrite.php(43): require_once('C:\\xampp\\htdocs...')
#9 {main}
CRITICAL - 2022-03-02 03:22:51 --> Cannot use object of type stdClass as array
#0 C:\xampp\htdocs\test-hmvc\vendor\codeigniter4\framework\system\View\View.php(210): include()
#1 C:\xampp\htdocs\test-hmvc\vendor\codeigniter4\framework\system\View\View.php(213): CodeIgniter\View\View->CodeIgniter\View\{closure}()
#2 C:\xampp\htdocs\test-hmvc\vendor\codeigniter4\framework\system\Common.php(1089): CodeIgniter\View\View->render('\\App\\Modules\\Co...', Array, true)
#3 C:\xampp\htdocs\test-hmvc\app\Modules\Core\Controllers\PermissionList.php(19): view('\\App\\Modules\\Co...', Array)
#4 C:\xampp\htdocs\test-hmvc\vendor\codeigniter4\framework\system\CodeIgniter.php(832): App\Modules\Core\Controllers\PermissionList->index()
#5 C:\xampp\htdocs\test-hmvc\vendor\codeigniter4\framework\system\CodeIgniter.php(419): CodeIgniter\CodeIgniter->runController(Object(App\Modules\Core\Controllers\PermissionList))
#6 C:\xampp\htdocs\test-hmvc\vendor\codeigniter4\framework\system\CodeIgniter.php(326): CodeIgniter\CodeIgniter->handleRequest(NULL, Object(Config\Cache), false)
#7 C:\xampp\htdocs\test-hmvc\public\index.php(45): CodeIgniter\CodeIgniter->run()
#8 C:\xampp\htdocs\test-hmvc\vendor\codeigniter4\framework\system\Commands\Server\rewrite.php(43): require_once('C:\\xampp\\htdocs...')
#9 {main}
CRITICAL - 2022-03-02 03:48:44 --> Undefined variable $getQueryString
#0 C:\xampp\htdocs\test-hmvc\app\Modules\Core\Controllers\AddPermission.php(39): CodeIgniter\Debug\Exceptions->errorHandler(2, 'Undefined varia...', 'C:\\xampp\\htdocs...', 39)
#1 C:\xampp\htdocs\test-hmvc\vendor\codeigniter4\framework\system\CodeIgniter.php(832): App\Modules\Core\Controllers\AddPermission->CreatePermission()
#2 C:\xampp\htdocs\test-hmvc\vendor\codeigniter4\framework\system\CodeIgniter.php(419): CodeIgniter\CodeIgniter->runController(Object(App\Modules\Core\Controllers\AddPermission))
#3 C:\xampp\htdocs\test-hmvc\vendor\codeigniter4\framework\system\CodeIgniter.php(326): CodeIgniter\CodeIgniter->handleRequest(NULL, Object(Config\Cache), false)
#4 C:\xampp\htdocs\test-hmvc\public\index.php(45): CodeIgniter\CodeIgniter->run()
#5 C:\xampp\htdocs\test-hmvc\vendor\codeigniter4\framework\system\Commands\Server\rewrite.php(43): require_once('C:\\xampp\\htdocs...')
#6 {main}
CRITICAL - 2022-03-02 03:58:27 --> Undefined variable $getQueryString
#0 C:\xampp\htdocs\test-hmvc\app\Modules\Core\Controllers\AddPermission.php(39): CodeIgniter\Debug\Exceptions->errorHandler(2, 'Undefined varia...', 'C:\\xampp\\htdocs...', 39)
#1 C:\xampp\htdocs\test-hmvc\vendor\codeigniter4\framework\system\CodeIgniter.php(832): App\Modules\Core\Controllers\AddPermission->CreatePermission()
#2 C:\xampp\htdocs\test-hmvc\vendor\codeigniter4\framework\system\CodeIgniter.php(419): CodeIgniter\CodeIgniter->runController(Object(App\Modules\Core\Controllers\AddPermission))
#3 C:\xampp\htdocs\test-hmvc\vendor\codeigniter4\framework\system\CodeIgniter.php(326): CodeIgniter\CodeIgniter->handleRequest(NULL, Object(Config\Cache), false)
#4 C:\xampp\htdocs\test-hmvc\public\index.php(45): CodeIgniter\CodeIgniter->run()
#5 C:\xampp\htdocs\test-hmvc\vendor\codeigniter4\framework\system\Commands\Server\rewrite.php(43): require_once('C:\\xampp\\htdocs...')
#6 {main}
